<?xml version="1.0" encoding="UTF-8"?>
<!-- Generated by org.testng.reporters.JUnitReportReporter -->
<testsuite hostname="LAPTOP-6F1GJ3UJ" failures="0" tests="1" name="Test1" time="0.018" errors="0" timestamp="2023-04-04T11:33:42 IST" skipped="0">
  <testcase classname="Test1" name="login" time="0.018"/>
  <system-out/>
</testsuite> <!-- Test1 -->
